2025-07-15 01:33:32,381 | DEBUG | urllib3.connectionpool | Starting new HTTPS connection (1): minotar.net:443
2025-07-15 01:33:32,602 | DEBUG | urllib3.connectionpool | https://minotar.net:443 "GET /avatar/None/40 HTTP/1.1" 200 345
2025-07-15 01:33:32,734 | DEBUG | charset_normalizer | Encoding detection: Unable to determine any suitable charset.
2025-07-15 01:33:32,802 | DEBUG | urllib3.connectionpool | Starting new HTTPS connection (1): launchermeta.mojang.com:443
2025-07-15 01:33:33,125 | DEBUG | urllib3.connectionpool | https://launchermeta.mojang.com:443 "GET /mc/game/version_manifest.json HTTP/1.1" 200 None
2025-07-15 01:33:35,958 | DEBUG | urllib3.connectionpool | Starting new HTTPS connection (1): launchermeta.mojang.com:443
2025-07-15 01:33:36,597 | DEBUG | urllib3.connectionpool | https://launchermeta.mojang.com:443 "GET /mc/game/version_manifest.json HTTP/1.1" 200 None
2025-07-15 01:33:36,665 | DEBUG | urllib3.connectionpool | Starting new HTTPS connection (1): piston-meta.mojang.com:443
2025-07-15 01:33:37,014 | DEBUG | urllib3.connectionpool | https://piston-meta.mojang.com:443 "GET /v1/packages/5d22e5893fd9c565b9a3039f1fc842aef2c4aefc/1.21.7.json HTTP/1.1" 200 None
2025-07-15 01:35:34,423 | DEBUG | urllib3.connectionpool | Starting new HTTPS connection (1): minotar.net:443
2025-07-15 01:35:34,865 | DEBUG | urllib3.connectionpool | https://minotar.net:443 "GET /avatar/None/40 HTTP/1.1" 200 345
2025-07-15 01:35:34,981 | DEBUG | charset_normalizer | Encoding detection: Unable to determine any suitable charset.
2025-07-15 01:35:35,048 | DEBUG | urllib3.connectionpool | Starting new HTTPS connection (1): launchermeta.mojang.com:443
2025-07-15 01:35:35,369 | DEBUG | urllib3.connectionpool | https://launchermeta.mojang.com:443 "GET /mc/game/version_manifest.json HTTP/1.1" 200 None
2025-07-15 01:35:38,272 | DEBUG | urllib3.connectionpool | Starting new HTTPS connection (1): piston-data.mojang.com:443
2025-07-15 01:35:38,609 | DEBUG | urllib3.connectionpool | https://piston-data.mojang.com:443 "GET /v1/objects/a2db1ea98c37b2d00c83f6867fb8bb581a593e07/client.jar HTTP/1.1" 200 29522178
2025-07-15 01:35:46,489 | DEBUG | urllib3.connectionpool | Starting new HTTPS connection (1): minotar.net:443
2025-07-15 01:35:46,695 | DEBUG | urllib3.connectionpool | https://minotar.net:443 "GET /avatar/None/40 HTTP/1.1" 200 345
2025-07-15 01:35:46,821 | DEBUG | charset_normalizer | Encoding detection: Unable to determine any suitable charset.
2025-07-15 01:35:46,884 | DEBUG | urllib3.connectionpool | Starting new HTTPS connection (1): launchermeta.mojang.com:443
2025-07-15 01:35:47,197 | DEBUG | urllib3.connectionpool | https://launchermeta.mojang.com:443 "GET /mc/game/version_manifest.json HTTP/1.1" 200 None
2025-07-15 01:36:49,304 | DEBUG | urllib3.connectionpool | Starting new HTTPS connection (1): minotar.net:443
2025-07-15 01:36:49,685 | DEBUG | urllib3.connectionpool | https://minotar.net:443 "GET /avatar/None/40 HTTP/1.1" 200 345
2025-07-15 01:36:49,828 | DEBUG | charset_normalizer | Encoding detection: Unable to determine any suitable charset.
2025-07-15 01:36:49,897 | DEBUG | urllib3.connectionpool | Starting new HTTPS connection (1): launchermeta.mojang.com:443
2025-07-15 01:36:50,311 | DEBUG | urllib3.connectionpool | https://launchermeta.mojang.com:443 "GET /mc/game/version_manifest.json HTTP/1.1" 200 None
2025-07-15 01:36:53,359 | DEBUG | urllib3.connectionpool | Starting new HTTPS connection (1): libraries.minecraft.net:443
2025-07-15 01:36:53,360 | DEBUG | urllib3.connectionpool | Starting new HTTPS connection (1): libraries.minecraft.net:443
2025-07-15 01:36:53,360 | DEBUG | urllib3.connectionpool | Starting new HTTPS connection (1): libraries.minecraft.net:443
2025-07-15 01:36:53,361 | DEBUG | urllib3.connectionpool | Starting new HTTPS connection (1): libraries.minecraft.net:443
2025-07-15 01:36:54,263 | DEBUG | urllib3.connectionpool | https://libraries.minecraft.net:443 "GET /com/github/oshi/oshi-core/6.6.5/oshi-core-6.6.5.jar HTTP/1.1" 200 991378
2025-07-15 01:36:54,377 | DEBUG | urllib3.connectionpool | https://libraries.minecraft.net:443 "GET /com/fasterxml/jackson/core/jackson-core/2.13.4/jackson-core-2.13.4.jar HTTP/1.1" 200 374895
2025-07-15 01:36:54,384 | DEBUG | urllib3.connectionpool | https://libraries.minecraft.net:443 "GET /com/fasterxml/jackson/core/jackson-databind/2.13.4.2/jackson-databind-2.13.4.2.jar HTTP/1.1" 200 1531681
2025-07-15 01:36:54,427 | DEBUG | urllib3.connectionpool | https://libraries.minecraft.net:443 "GET /com/fasterxml/jackson/core/jackson-annotations/2.13.4/jackson-annotations-2.13.4.jar HTTP/1.1" 200 75717
2025-07-15 01:36:54,613 | DEBUG | urllib3.connectionpool | Starting new HTTPS connection (1): libraries.minecraft.net:443
2025-07-15 01:36:54,978 | DEBUG | urllib3.connectionpool | https://libraries.minecraft.net:443 "GET /com/github/stephenc/jcip/jcip-annotations/1.0-1/jcip-annotations-1.0-1.jar HTTP/1.1" 200 4722
2025-07-15 01:36:54,984 | DEBUG | urllib3.connectionpool | Starting new HTTPS connection (1): libraries.minecraft.net:443
2025-07-15 01:36:55,127 | DEBUG | urllib3.connectionpool | Starting new HTTPS connection (1): libraries.minecraft.net:443
2025-07-15 01:36:55,382 | DEBUG | urllib3.connectionpool | https://libraries.minecraft.net:443 "GET /com/google/code/gson/gson/2.11.0/gson-2.11.0.jar HTTP/1.1" 200 298435
2025-07-15 01:36:55,502 | DEBUG | urllib3.connectionpool | Starting new HTTPS connection (1): libraries.minecraft.net:443
2025-07-15 01:36:55,596 | DEBUG | urllib3.connectionpool | https://libraries.minecraft.net:443 "GET /com/google/guava/failureaccess/1.0.2/failureaccess-1.0.2.jar HTTP/1.1" 200 4740
2025-07-15 01:36:55,611 | DEBUG | urllib3.connectionpool | Starting new HTTPS connection (1): libraries.minecraft.net:443
2025-07-15 01:36:55,666 | DEBUG | urllib3.connectionpool | Starting new HTTPS connection (1): libraries.minecraft.net:443
2025-07-15 01:36:55,974 | DEBUG | urllib3.connectionpool | https://libraries.minecraft.net:443 "GET /com/google/guava/guava/33.3.1-jre/guava-33.3.1-jre.jar HTTP/1.1" 200 3079289
2025-07-15 01:36:55,993 | DEBUG | urllib3.connectionpool | Starting new HTTPS connection (1): libraries.minecraft.net:443
2025-07-15 01:36:56,177 | DEBUG | urllib3.connectionpool | https://libraries.minecraft.net:443 "GET /com/ibm/icu/icu4j/76.1/icu4j-76.1.jar HTTP/1.1" 200 14621879
2025-07-15 01:36:56,417 | DEBUG | urllib3.connectionpool | https://libraries.minecraft.net:443 "GET /com/microsoft/azure/msal4j/1.17.2/msal4j-1.17.2.jar HTTP/1.1" 200 366717
2025-07-15 01:36:56,583 | DEBUG | urllib3.connectionpool | Starting new HTTPS connection (1): libraries.minecraft.net:443
2025-07-15 01:36:56,886 | DEBUG | urllib3.connectionpool | https://libraries.minecraft.net:443 "GET /com/mojang/blocklist/1.0.10/blocklist-1.0.10.jar HTTP/1.1" 200 964
2025-07-15 01:36:56,892 | DEBUG | urllib3.connectionpool | Starting new HTTPS connection (1): libraries.minecraft.net:443
2025-07-15 01:36:57,118 | DEBUG | urllib3.connectionpool | Starting new HTTPS connection (1): libraries.minecraft.net:443
2025-07-15 01:36:57,153 | DEBUG | urllib3.connectionpool | Starting new HTTPS connection (1): libraries.minecraft.net:443
2025-07-15 01:36:57,384 | DEBUG | urllib3.connectionpool | https://libraries.minecraft.net:443 "GET /com/mojang/brigadier/1.3.10/brigadier-1.3.10.jar HTTP/1.1" 200 80082
2025-07-15 01:36:57,489 | DEBUG | urllib3.connectionpool | Starting new HTTPS connection (1): libraries.minecraft.net:443
2025-07-15 01:36:57,653 | DEBUG | urllib3.connectionpool | https://libraries.minecraft.net:443 "GET /com/mojang/jtracy/1.0.29/jtracy-1.0.29.jar HTTP/1.1" 200 10382
2025-07-15 01:36:57,737 | DEBUG | urllib3.connectionpool | Starting new HTTPS connection (1): libraries.minecraft.net:443
2025-07-15 01:36:57,908 | DEBUG | urllib3.connectionpool | https://libraries.minecraft.net:443 "GET /com/mojang/datafixerupper/8.0.16/datafixerupper-8.0.16.jar HTTP/1.1" 200 724313
2025-07-15 01:36:58,158 | DEBUG | urllib3.connectionpool | Starting new HTTPS connection (1): libraries.minecraft.net:443
2025-07-15 01:36:58,297 | DEBUG | urllib3.connectionpool | https://libraries.minecraft.net:443 "GET /com/mojang/patchy/2.2.10/patchy-2.2.10.jar HTTP/1.1" 200 4439
2025-07-15 01:36:58,312 | DEBUG | urllib3.connectionpool | Starting new HTTPS connection (1): libraries.minecraft.net:443
2025-07-15 01:36:58,322 | DEBUG | urllib3.connectionpool | https://libraries.minecraft.net:443 "GET /com/mojang/logging/1.5.10/logging-1.5.10.jar HTTP/1.1" 200 19800
2025-07-15 01:36:58,462 | DEBUG | urllib3.connectionpool | Starting new HTTPS connection (1): libraries.minecraft.net:443
2025-07-15 01:36:58,683 | DEBUG | urllib3.connectionpool | https://libraries.minecraft.net:443 "GET /com/mojang/text2speech/1.18.11/text2speech-1.18.11.jar HTTP/1.1" 200 13842
2025-07-15 01:36:58,785 | DEBUG | urllib3.connectionpool | Starting new HTTPS connection (1): libraries.minecraft.net:443
2025-07-15 01:36:58,893 | DEBUG | urllib3.connectionpool | https://libraries.minecraft.net:443 "GET /com/nimbusds/content-type/2.3/content-type-2.3.jar HTTP/1.1" 200 8877
2025-07-15 01:36:58,944 | DEBUG | urllib3.connectionpool | Starting new HTTPS connection (1): libraries.minecraft.net:443
2025-07-15 01:36:59,062 | DEBUG | urllib3.connectionpool | https://libraries.minecraft.net:443 "GET /com/nimbusds/lang-tag/1.7/lang-tag-1.7.jar HTTP/1.1" 200 11170
2025-07-15 01:36:59,116 | DEBUG | urllib3.connectionpool | Starting new HTTPS connection (1): libraries.minecraft.net:443
2025-07-15 01:36:59,517 | DEBUG | urllib3.connectionpool | https://libraries.minecraft.net:443 "GET /com/nimbusds/nimbus-jose-jwt/9.40/nimbus-jose-jwt-9.40.jar HTTP/1.1" 200 810931
2025-07-15 01:36:59,668 | DEBUG | urllib3.connectionpool | https://libraries.minecraft.net:443 "GET /com/nimbusds/oauth2-oidc-sdk/11.18/oauth2-oidc-sdk-11.18.jar HTTP/1.1" 200 896918
2025-07-15 01:36:59,721 | DEBUG | urllib3.connectionpool | https://libraries.minecraft.net:443 "GET /commons-codec/commons-codec/1.17.1/commons-codec-1.17.1.jar HTTP/1.1" 200 372687
2025-07-15 01:36:59,753 | DEBUG | urllib3.connectionpool | Starting new HTTPS connection (1): libraries.minecraft.net:443
2025-07-15 01:36:59,900 | DEBUG | urllib3.connectionpool | Starting new HTTPS connection (1): libraries.minecraft.net:443
2025-07-15 01:36:59,943 | DEBUG | urllib3.connectionpool | Starting new HTTPS connection (1): libraries.minecraft.net:443
2025-07-15 01:37:00,111 | DEBUG | urllib3.connectionpool | https://libraries.minecraft.net:443 "GET /com/mojang/authlib/6.0.58/authlib-6.0.58.jar HTTP/1.1" 200 115810
2025-07-15 01:37:00,224 | DEBUG | urllib3.connectionpool | https://libraries.minecraft.net:443 "GET /commons-io/commons-io/2.17.0/commons-io-2.17.0.jar HTTP/1.1" 200 515978
2025-07-15 01:37:00,381 | DEBUG | urllib3.connectionpool | Starting new HTTPS connection (1): libraries.minecraft.net:443
2025-07-15 01:37:00,500 | DEBUG | urllib3.connectionpool | https://libraries.minecraft.net:443 "GET /io/netty/netty-buffer/4.1.118.Final/netty-buffer-4.1.118.Final.jar HTTP/1.1" 200 339045
2025-07-15 01:37:00,549 | DEBUG | urllib3.connectionpool | https://libraries.minecraft.net:443 "GET /commons-logging/commons-logging/1.3.4/commons-logging-1.3.4.jar HTTP/1.1" 200 73721
2025-07-15 01:37:00,665 | DEBUG | urllib3.connectionpool | Starting new HTTPS connection (1): libraries.minecraft.net:443
2025-07-15 01:37:00,686 | DEBUG | urllib3.connectionpool | Starting new HTTPS connection (1): libraries.minecraft.net:443
2025-07-15 01:37:00,979 | DEBUG | urllib3.connectionpool | https://libraries.minecraft.net:443 "GET /io/netty/netty-codec/4.1.118.Final/netty-codec-4.1.118.Final.jar HTTP/1.1" 200 355199
2025-07-15 01:37:01,136 | DEBUG | urllib3.connectionpool | Starting new HTTPS connection (1): libraries.minecraft.net:443
2025-07-15 01:37:01,223 | DEBUG | urllib3.connectionpool | https://libraries.minecraft.net:443 "GET /io/netty/netty-handler/4.1.118.Final/netty-handler-4.1.118.Final.jar HTTP/1.1" 200 580162
2025-07-15 01:37:01,259 | DEBUG | urllib3.connectionpool | https://libraries.minecraft.net:443 "GET /io/netty/netty-common/4.1.118.Final/netty-common-4.1.118.Final.jar HTTP/1.1" 200 719225
2025-07-15 01:37:01,409 | DEBUG | urllib3.connectionpool | Starting new HTTPS connection (1): libraries.minecraft.net:443
2025-07-15 01:37:01,504 | DEBUG | urllib3.connectionpool | Starting new HTTPS connection (1): libraries.minecraft.net:443
2025-07-15 01:37:01,646 | DEBUG | urllib3.connectionpool | https://libraries.minecraft.net:443 "GET /io/netty/netty-resolver/4.1.118.Final/netty-resolver-4.1.118.Final.jar HTTP/1.1" 200 37842
2025-07-15 01:37:01,960 | DEBUG | urllib3.connectionpool | Starting new HTTPS connection (1): libraries.minecraft.net:443
2025-07-15 01:37:02,045 | DEBUG | urllib3.connectionpool | https://libraries.minecraft.net:443 "GET /io/netty/netty-transport-classes-epoll/4.1.118.Final/netty-transport-classes-epoll-4.1.118.Final.jar HTTP/1.1" 200 147621
2025-07-15 01:37:02,135 | DEBUG | urllib3.connectionpool | Starting new HTTPS connection (1): libraries.minecraft.net:443
2025-07-15 01:37:02,141 | DEBUG | urllib3.connectionpool | https://libraries.minecraft.net:443 "GET /io/netty/netty-transport-native-unix-common/4.1.118.Final/netty-transport-native-unix-common-4.1.118.Final.jar HTTP/1.1" 200 44157
2025-07-15 01:37:02,489 | DEBUG | urllib3.connectionpool | Starting new HTTPS connection (1): libraries.minecraft.net:443
2025-07-15 01:37:02,515 | DEBUG | urllib3.connectionpool | https://libraries.minecraft.net:443 "GET /io/netty/netty-transport/4.1.118.Final/netty-transport-4.1.118.Final.jar HTTP/1.1" 200 521428
2025-07-15 01:37:02,866 | DEBUG | urllib3.connectionpool | https://libraries.minecraft.net:443 "GET /net/java/dev/jna/jna-platform/5.15.0/jna-platform-5.15.0.jar HTTP/1.1" 200 1376668
2025-07-15 01:37:03,079 | DEBUG | urllib3.connectionpool | Starting new HTTPS connection (1): libraries.minecraft.net:443
2025-07-15 01:37:03,441 | DEBUG | urllib3.connectionpool | https://libraries.minecraft.net:443 "GET /net/java/dev/jna/jna/5.15.0/jna-5.15.0.jar HTTP/1.1" 200 2001532
2025-07-15 01:37:03,753 | DEBUG | urllib3.connectionpool | Starting new HTTPS connection (1): libraries.minecraft.net:443
2025-07-15 01:37:03,755 | DEBUG | urllib3.connectionpool | https://libraries.minecraft.net:443 "GET /it/unimi/dsi/fastutil/8.5.15/fastutil-8.5.15.jar HTTP/1.1" 200 23730770
2025-07-15 01:37:04,075 | DEBUG | urllib3.connectionpool | https://libraries.minecraft.net:443 "GET /net/minidev/accessors-smart/2.5.1/accessors-smart-2.5.1.jar HTTP/1.1" 200 30305
2025-07-15 01:37:04,256 | DEBUG | urllib3.connectionpool | Starting new HTTPS connection (1): libraries.minecraft.net:443
2025-07-15 01:37:04,595 | DEBUG | urllib3.connectionpool | https://libraries.minecraft.net:443 "GET /net/minidev/json-smart/2.5.1/json-smart-2.5.1.jar HTTP/1.1" 200 122291
2025-07-15 01:37:04,675 | DEBUG | urllib3.connectionpool | Starting new HTTPS connection (1): libraries.minecraft.net:443
2025-07-15 01:37:05,001 | DEBUG | urllib3.connectionpool | https://libraries.minecraft.net:443 "GET /net/sf/jopt-simple/jopt-simple/5.0.4/jopt-simple-5.0.4.jar HTTP/1.1" 200 78146
2025-07-15 01:37:05,083 | DEBUG | urllib3.connectionpool | Starting new HTTPS connection (1): libraries.minecraft.net:443
2025-07-15 01:37:05,411 | DEBUG | urllib3.connectionpool | https://libraries.minecraft.net:443 "GET /org/apache/commons/commons-compress/1.27.1/commons-compress-1.27.1.jar HTTP/1.1" 200 1087319
2025-07-15 01:37:05,429 | DEBUG | urllib3.connectionpool | Starting new HTTPS connection (1): libraries.minecraft.net:443
2025-07-15 01:37:05,622 | DEBUG | urllib3.connectionpool | Starting new HTTPS connection (1): libraries.minecraft.net:443
2025-07-15 01:37:05,977 | DEBUG | urllib3.connectionpool | https://libraries.minecraft.net:443 "GET /org/apache/httpcomponents/httpclient/4.5.14/httpclient-4.5.14.jar HTTP/1.1" 200 785639
2025-07-15 01:37:06,190 | DEBUG | urllib3.connectionpool | Starting new HTTPS connection (1): libraries.minecraft.net:443
2025-07-15 01:37:06,533 | DEBUG | urllib3.connectionpool | https://libraries.minecraft.net:443 "GET /org/apache/httpcomponents/httpcore/4.4.16/httpcore-4.4.16.jar HTTP/1.1" 200 327891
2025-07-15 01:37:06,580 | DEBUG | urllib3.connectionpool | https://libraries.minecraft.net:443 "GET /org/apache/commons/commons-lang3/3.17.0/commons-lang3-3.17.0.jar HTTP/1.1" 200 673587
2025-07-15 01:37:06,713 | DEBUG | urllib3.connectionpool | Starting new HTTPS connection (1): libraries.minecraft.net:443
2025-07-15 01:37:07,037 | DEBUG | urllib3.connectionpool | https://libraries.minecraft.net:443 "GET /org/apache/logging/log4j/log4j-api/2.24.1/log4j-api-2.24.1.jar HTTP/1.1" 200 348428
2025-07-15 01:37:07,193 | DEBUG | urllib3.connectionpool | Starting new HTTPS connection (1): libraries.minecraft.net:443
2025-07-15 01:37:07,529 | DEBUG | urllib3.connectionpool | https://libraries.minecraft.net:443 "GET /org/apache/logging/log4j/log4j-core/2.24.1/log4j-core-2.24.1.jar HTTP/1.1" 200 1910958
2025-07-15 01:37:07,888 | DEBUG | urllib3.connectionpool | Starting new HTTPS connection (1): libraries.minecraft.net:443
2025-07-15 01:37:08,209 | DEBUG | urllib3.connectionpool | https://libraries.minecraft.net:443 "GET /org/apache/logging/log4j/log4j-slf4j2-impl/2.24.1/log4j-slf4j2-impl-2.24.1.jar HTTP/1.1" 200 30133
2025-07-15 01:37:08,372 | DEBUG | urllib3.connectionpool | Starting new HTTPS connection (1): libraries.minecraft.net:443
2025-07-15 01:37:08,682 | DEBUG | urllib3.connectionpool | https://libraries.minecraft.net:443 "GET /org/jcraft/jorbis/0.0.17/jorbis-0.0.17.jar HTTP/1.1" 200 99701
2025-07-15 01:37:08,800 | DEBUG | urllib3.connectionpool | Starting new HTTPS connection (1): libraries.minecraft.net:443
2025-07-15 01:37:09,188 | DEBUG | urllib3.connectionpool | https://libraries.minecraft.net:443 "GET /org/joml/joml/1.10.8/joml-1.10.8.jar HTTP/1.1" 200 778846
2025-07-15 01:37:09,399 | DEBUG | urllib3.connectionpool | Starting new HTTPS connection (1): libraries.minecraft.net:443
2025-07-15 01:37:09,734 | DEBUG | urllib3.connectionpool | https://libraries.minecraft.net:443 "GET /org/lwjgl/lwjgl-freetype/3.3.3/lwjgl-freetype-3.3.3.jar HTTP/1.1" 200 450896
2025-07-15 01:37:09,867 | DEBUG | urllib3.connectionpool | Starting new HTTPS connection (1): libraries.minecraft.net:443
2025-07-15 01:37:10,217 | DEBUG | urllib3.connectionpool | https://libraries.minecraft.net:443 "GET /org/lwjgl/lwjgl-glfw/3.3.3/lwjgl-glfw-3.3.3.jar HTTP/1.1" 200 135546
2025-07-15 01:37:10,326 | DEBUG | urllib3.connectionpool | Starting new HTTPS connection (1): libraries.minecraft.net:443
2025-07-15 01:37:10,639 | DEBUG | urllib3.connectionpool | https://libraries.minecraft.net:443 "GET /org/lwjgl/lwjgl-jemalloc/3.3.3/lwjgl-jemalloc-3.3.3.jar HTTP/1.1" 200 43896
2025-07-15 01:37:10,951 | DEBUG | urllib3.connectionpool | Starting new HTTPS connection (1): libraries.minecraft.net:443
2025-07-15 01:37:11,257 | DEBUG | urllib3.connectionpool | https://libraries.minecraft.net:443 "GET /org/lwjgl/lwjgl-openal/3.3.3/lwjgl-openal-3.3.3.jar HTTP/1.1" 200 110586
2025-07-15 01:37:11,337 | DEBUG | urllib3.connectionpool | Starting new HTTPS connection (1): libraries.minecraft.net:443
2025-07-15 01:37:11,649 | DEBUG | urllib3.connectionpool | https://libraries.minecraft.net:443 "GET /org/lwjgl/lwjgl-opengl/3.3.3/lwjgl-opengl-3.3.3.jar HTTP/1.1" 200 929192
2025-07-15 01:37:12,014 | DEBUG | urllib3.connectionpool | Starting new HTTPS connection (1): libraries.minecraft.net:443
2025-07-15 01:37:12,324 | DEBUG | urllib3.connectionpool | https://libraries.minecraft.net:443 "GET /org/lwjgl/lwjgl-stb/3.3.3/lwjgl-stb-3.3.3.jar HTTP/1.1" 200 120283
2025-07-15 01:37:12,410 | DEBUG | urllib3.connectionpool | Starting new HTTPS connection (1): libraries.minecraft.net:443
2025-07-15 01:37:12,737 | DEBUG | urllib3.connectionpool | https://libraries.minecraft.net:443 "GET /org/lwjgl/lwjgl-tinyfd/3.3.3/lwjgl-tinyfd-3.3.3.jar HTTP/1.1" 200 13400
2025-07-15 01:37:12,826 | DEBUG | urllib3.connectionpool | Starting new HTTPS connection (1): libraries.minecraft.net:443
2025-07-15 01:37:13,132 | DEBUG | urllib3.connectionpool | https://libraries.minecraft.net:443 "GET /org/lwjgl/lwjgl/3.3.3/lwjgl-3.3.3.jar HTTP/1.1" 200 785029
2025-07-15 01:37:13,326 | DEBUG | urllib3.connectionpool | Starting new HTTPS connection (1): libraries.minecraft.net:443
2025-07-15 01:37:13,637 | DEBUG | urllib3.connectionpool | https://libraries.minecraft.net:443 "GET /org/lz4/lz4-java/1.8.0/lz4-java-1.8.0.jar HTTP/1.1" 200 682804
2025-07-15 01:37:13,836 | DEBUG | urllib3.connectionpool | Starting new HTTPS connection (1): libraries.minecraft.net:443
2025-07-15 01:37:14,156 | DEBUG | urllib3.connectionpool | https://libraries.minecraft.net:443 "GET /org/ow2/asm/asm/9.6/asm-9.6.jar HTTP/1.1" 200 123598
2025-07-15 01:37:14,270 | DEBUG | urllib3.connectionpool | Starting new HTTPS connection (1): libraries.minecraft.net:443
2025-07-15 01:37:14,578 | DEBUG | urllib3.connectionpool | https://libraries.minecraft.net:443 "GET /org/slf4j/slf4j-api/2.0.16/slf4j-api-2.0.16.jar HTTP/1.1" 200 69435
2025-07-15 01:42:02,942 | DEBUG | urllib3.connectionpool | Starting new HTTPS connection (1): minotar.net:443
2025-07-15 01:42:03,161 | DEBUG | urllib3.connectionpool | https://minotar.net:443 "GET /avatar/None/40 HTTP/1.1" 200 345
2025-07-15 01:42:03,304 | DEBUG | charset_normalizer | Encoding detection: Unable to determine any suitable charset.
2025-07-15 01:42:03,371 | DEBUG | urllib3.connectionpool | Starting new HTTPS connection (1): launchermeta.mojang.com:443
2025-07-15 01:42:03,707 | DEBUG | urllib3.connectionpool | https://launchermeta.mojang.com:443 "GET /mc/game/version_manifest.json HTTP/1.1" 200 None
2025-07-15 01:46:38,030 | DEBUG | urllib3.connectionpool | Starting new HTTPS connection (1): minotar.net:443
2025-07-15 01:46:38,321 | DEBUG | urllib3.connectionpool | https://minotar.net:443 "GET /avatar/None/40 HTTP/1.1" 200 345
2025-07-15 01:46:38,434 | DEBUG | charset_normalizer | Encoding detection: Unable to determine any suitable charset.
2025-07-15 01:46:38,498 | DEBUG | urllib3.connectionpool | Starting new HTTPS connection (1): launchermeta.mojang.com:443
2025-07-15 01:46:38,847 | DEBUG | urllib3.connectionpool | https://launchermeta.mojang.com:443 "GET /mc/game/version_manifest.json HTTP/1.1" 200 None
2025-07-15 01:46:43,605 | DEBUG | urllib3.connectionpool | Starting new HTTPS connection (1): piston-meta.mojang.com:443
2025-07-15 01:46:43,942 | DEBUG | urllib3.connectionpool | https://piston-meta.mojang.com:443 "GET /v1/packages/73b41e138b88fcdea153fa4211bbb907e755ebcc/1.21.6.json HTTP/1.1" 200 None
2025-07-15 01:46:44,252 | DEBUG | urllib3.connectionpool | Starting new HTTPS connection (1): piston-data.mojang.com:443
2025-07-15 01:46:44,599 | DEBUG | urllib3.connectionpool | https://piston-data.mojang.com:443 "GET /v1/objects/740a125b83dd3447feaa3c5e891ead7fbb21ae28/client.jar HTTP/1.1" 200 29516555
2025-07-15 01:50:20,582 | DEBUG | urllib3.connectionpool | Starting new HTTPS connection (1): minotar.net:443
2025-07-15 01:50:20,804 | DEBUG | urllib3.connectionpool | https://minotar.net:443 "GET /avatar/None/40 HTTP/1.1" 200 345
2025-07-15 01:50:20,916 | DEBUG | charset_normalizer | Encoding detection: Unable to determine any suitable charset.
2025-07-15 01:50:20,981 | DEBUG | urllib3.connectionpool | Starting new HTTPS connection (1): launchermeta.mojang.com:443
2025-07-15 01:50:21,574 | DEBUG | urllib3.connectionpool | https://launchermeta.mojang.com:443 "GET /mc/game/version_manifest.json HTTP/1.1" 200 None
2025-07-15 01:53:46,523 | DEBUG | urllib3.connectionpool | Starting new HTTPS connection (1): minotar.net:443
2025-07-15 01:53:46,738 | DEBUG | urllib3.connectionpool | https://minotar.net:443 "GET /avatar/None/40 HTTP/1.1" 200 345
2025-07-15 01:53:46,875 | DEBUG | charset_normalizer | Encoding detection: Unable to determine any suitable charset.
2025-07-15 01:53:46,942 | DEBUG | urllib3.connectionpool | Starting new HTTPS connection (1): launchermeta.mojang.com:443
2025-07-15 01:53:47,387 | DEBUG | urllib3.connectionpool | https://launchermeta.mojang.com:443 "GET /mc/game/version_manifest.json HTTP/1.1" 200 None
2025-07-15 01:53:58,636 | DEBUG | urllib3.connectionpool | Starting new HTTPS connection (1): minotar.net:443
2025-07-15 01:53:58,857 | DEBUG | urllib3.connectionpool | https://minotar.net:443 "GET /avatar/None/40 HTTP/1.1" 200 345
2025-07-15 01:53:58,972 | DEBUG | charset_normalizer | Encoding detection: Unable to determine any suitable charset.
2025-07-15 01:53:59,038 | DEBUG | urllib3.connectionpool | Starting new HTTPS connection (1): launchermeta.mojang.com:443
2025-07-15 01:53:59,354 | DEBUG | urllib3.connectionpool | https://launchermeta.mojang.com:443 "GET /mc/game/version_manifest.json HTTP/1.1" 200 None
2025-07-15 01:54:02,999 | DEBUG | urllib3.connectionpool | Starting new HTTPS connection (1): launchermeta.mojang.com:443
2025-07-15 01:54:03,332 | DEBUG | urllib3.connectionpool | https://launchermeta.mojang.com:443 "GET /mc/game/version_manifest.json HTTP/1.1" 200 None
2025-07-15 01:54:03,383 | DEBUG | urllib3.connectionpool | Starting new HTTPS connection (1): piston-meta.mojang.com:443
2025-07-15 01:54:03,726 | DEBUG | urllib3.connectionpool | https://piston-meta.mojang.com:443 "GET /v1/packages/5d22e5893fd9c565b9a3039f1fc842aef2c4aefc/1.21.7.json HTTP/1.1" 200 None
2025-07-15 01:54:03,789 | DEBUG | urllib3.connectionpool | Starting new HTTPS connection (1): libraries.minecraft.net:443
2025-07-15 01:54:03,789 | DEBUG | urllib3.connectionpool | Starting new HTTPS connection (1): libraries.minecraft.net:443
2025-07-15 01:54:03,790 | DEBUG | urllib3.connectionpool | Starting new HTTPS connection (1): libraries.minecraft.net:443
2025-07-15 01:54:03,791 | DEBUG | urllib3.connectionpool | Starting new HTTPS connection (1): libraries.minecraft.net:443
2025-07-15 01:54:04,608 | DEBUG | urllib3.connectionpool | https://libraries.minecraft.net:443 "GET /com/fasterxml/jackson/core/jackson-core/2.13.4/jackson-core-2.13.4.jar HTTP/1.1" 200 374895
2025-07-15 01:54:04,789 | DEBUG | urllib3.connectionpool | https://libraries.minecraft.net:443 "GET /com/github/oshi/oshi-core/6.6.5/oshi-core-6.6.5.jar HTTP/1.1" 200 991378
2025-07-15 01:54:04,851 | DEBUG | urllib3.connectionpool | https://libraries.minecraft.net:443 "GET /com/fasterxml/jackson/core/jackson-databind/2.13.4.2/jackson-databind-2.13.4.2.jar HTTP/1.1" 200 1531681
2025-07-15 01:54:04,863 | DEBUG | urllib3.connectionpool | Starting new HTTPS connection (1): libraries.minecraft.net:443
2025-07-15 01:54:04,971 | DEBUG | urllib3.connectionpool | https://libraries.minecraft.net:443 "GET /com/fasterxml/jackson/core/jackson-annotations/2.13.4/jackson-annotations-2.13.4.jar HTTP/1.1" 200 75717
2025-07-15 01:54:05,011 | DEBUG | urllib3.connectionpool | Starting new HTTPS connection (1): libraries.minecraft.net:443
2025-07-15 01:54:05,089 | DEBUG | urllib3.connectionpool | Starting new HTTPS connection (1): libraries.minecraft.net:443
2025-07-15 01:54:05,112 | DEBUG | urllib3.connectionpool | Starting new HTTPS connection (1): libraries.minecraft.net:443
2025-07-15 01:54:05,359 | DEBUG | urllib3.connectionpool | https://libraries.minecraft.net:443 "GET /com/github/stephenc/jcip/jcip-annotations/1.0-1/jcip-annotations-1.0-1.jar HTTP/1.1" 200 4722
2025-07-15 01:54:05,368 | DEBUG | urllib3.connectionpool | Starting new HTTPS connection (1): libraries.minecraft.net:443
2025-07-15 01:54:05,770 | DEBUG | urllib3.connectionpool | https://libraries.minecraft.net:443 "GET /com/google/code/gson/gson/2.11.0/gson-2.11.0.jar HTTP/1.1" 200 298435
2025-07-15 01:54:05,834 | DEBUG | urllib3.connectionpool | https://libraries.minecraft.net:443 "GET /com/google/guava/guava/33.3.1-jre/guava-33.3.1-jre.jar HTTP/1.1" 200 3079289
2025-07-15 01:54:05,926 | DEBUG | urllib3.connectionpool | Starting new HTTPS connection (1): libraries.minecraft.net:443
2025-07-15 01:54:05,950 | DEBUG | urllib3.connectionpool | https://libraries.minecraft.net:443 "GET /com/google/guava/failureaccess/1.0.2/failureaccess-1.0.2.jar HTTP/1.1" 200 4740
2025-07-15 01:54:05,955 | DEBUG | urllib3.connectionpool | Starting new HTTPS connection (1): libraries.minecraft.net:443
2025-07-15 01:54:06,081 | DEBUG | urllib3.connectionpool | Starting new HTTPS connection (1): libraries.minecraft.net:443
2025-07-15 01:54:06,127 | DEBUG | urllib3.connectionpool | https://libraries.minecraft.net:443 "GET /com/ibm/icu/icu4j/76.1/icu4j-76.1.jar HTTP/1.1" 200 14621879
2025-07-15 01:54:06,625 | DEBUG | urllib3.connectionpool | https://libraries.minecraft.net:443 "GET /com/microsoft/azure/msal4j/1.17.2/msal4j-1.17.2.jar HTTP/1.1" 200 366717
2025-07-15 01:54:06,702 | DEBUG | urllib3.connectionpool | https://libraries.minecraft.net:443 "GET /com/mojang/authlib/6.0.58/authlib-6.0.58.jar HTTP/1.1" 200 115810
2025-07-15 01:54:06,793 | DEBUG | urllib3.connectionpool | Starting new HTTPS connection (1): libraries.minecraft.net:443
2025-07-15 01:54:06,804 | DEBUG | urllib3.connectionpool | https://libraries.minecraft.net:443 "GET /com/mojang/blocklist/1.0.10/blocklist-1.0.10.jar HTTP/1.1" 200 964
2025-07-15 01:54:06,810 | DEBUG | urllib3.connectionpool | Starting new HTTPS connection (1): libraries.minecraft.net:443
2025-07-15 01:54:06,848 | DEBUG | urllib3.connectionpool | Starting new HTTPS connection (1): libraries.minecraft.net:443
2025-07-15 01:54:06,923 | DEBUG | urllib3.connectionpool | Starting new HTTPS connection (1): libraries.minecraft.net:443
2025-07-15 01:54:07,549 | DEBUG | urllib3.connectionpool | https://libraries.minecraft.net:443 "GET /com/mojang/brigadier/1.3.10/brigadier-1.3.10.jar HTTP/1.1" 200 80082
2025-07-15 01:54:07,609 | DEBUG | urllib3.connectionpool | https://libraries.minecraft.net:443 "GET /com/mojang/datafixerupper/8.0.16/datafixerupper-8.0.16.jar HTTP/1.1" 200 724313
2025-07-15 01:54:07,633 | DEBUG | urllib3.connectionpool | Starting new HTTPS connection (1): libraries.minecraft.net:443
2025-07-15 01:54:07,768 | DEBUG | urllib3.connectionpool | https://libraries.minecraft.net:443 "GET /com/mojang/jtracy/1.0.29/jtracy-1.0.29.jar HTTP/1.1" 200 10382
2025-07-15 01:54:07,853 | DEBUG | urllib3.connectionpool | Starting new HTTPS connection (1): libraries.minecraft.net:443
2025-07-15 01:54:07,859 | DEBUG | urllib3.connectionpool | Starting new HTTPS connection (1): libraries.minecraft.net:443
2025-07-15 01:54:08,173 | DEBUG | urllib3.connectionpool | https://libraries.minecraft.net:443 "GET /com/mojang/jtracy/1.0.29/jtracy-1.0.29-natives-windows.jar HTTP/1.1" 200 46164
2025-07-15 01:54:08,281 | DEBUG | urllib3.connectionpool | Starting new HTTPS connection (1): libraries.minecraft.net:443
2025-07-15 01:54:08,734 | DEBUG | urllib3.connectionpool | https://libraries.minecraft.net:443 "GET /com/mojang/logging/1.5.10/logging-1.5.10.jar HTTP/1.1" 200 19800
2025-07-15 01:54:08,809 | DEBUG | urllib3.connectionpool | https://libraries.minecraft.net:443 "GET /com/mojang/patchy/2.2.10/patchy-2.2.10.jar HTTP/1.1" 200 4439
2025-07-15 01:54:08,815 | DEBUG | urllib3.connectionpool | Starting new HTTPS connection (1): libraries.minecraft.net:443
2025-07-15 01:54:08,864 | DEBUG | urllib3.connectionpool | Starting new HTTPS connection (1): libraries.minecraft.net:443
2025-07-15 01:54:09,144 | DEBUG | urllib3.connectionpool | https://libraries.minecraft.net:443 "GET /com/mojang/text2speech/1.18.11/text2speech-1.18.11.jar HTTP/1.1" 200 13842
2025-07-15 01:54:09,250 | DEBUG | urllib3.connectionpool | Starting new HTTPS connection (1): libraries.minecraft.net:443
2025-07-15 01:54:09,584 | DEBUG | urllib3.connectionpool | https://libraries.minecraft.net:443 "GET /com/nimbusds/content-type/2.3/content-type-2.3.jar HTTP/1.1" 200 8877
2025-07-15 01:54:09,637 | DEBUG | urllib3.connectionpool | Starting new HTTPS connection (1): libraries.minecraft.net:443
2025-07-15 01:54:10,058 | DEBUG | urllib3.connectionpool | https://libraries.minecraft.net:443 "GET /com/nimbusds/nimbus-jose-jwt/9.40/nimbus-jose-jwt-9.40.jar HTTP/1.1" 200 810931
2025-07-15 01:54:10,064 | DEBUG | urllib3.connectionpool | https://libraries.minecraft.net:443 "GET /com/nimbusds/lang-tag/1.7/lang-tag-1.7.jar HTTP/1.1" 200 11170
2025-07-15 01:54:10,121 | DEBUG | urllib3.connectionpool | Starting new HTTPS connection (1): libraries.minecraft.net:443
2025-07-15 01:54:10,163 | DEBUG | urllib3.connectionpool | https://libraries.minecraft.net:443 "GET /com/nimbusds/oauth2-oidc-sdk/11.18/oauth2-oidc-sdk-11.18.jar HTTP/1.1" 200 896918
2025-07-15 01:54:10,387 | DEBUG | urllib3.connectionpool | Starting new HTTPS connection (1): libraries.minecraft.net:443
2025-07-15 01:54:10,399 | DEBUG | urllib3.connectionpool | Starting new HTTPS connection (1): libraries.minecraft.net:443
2025-07-15 01:54:10,696 | DEBUG | urllib3.connectionpool | https://libraries.minecraft.net:443 "GET /commons-codec/commons-codec/1.17.1/commons-codec-1.17.1.jar HTTP/1.1" 200 372687
2025-07-15 01:54:10,904 | DEBUG | urllib3.connectionpool | Starting new HTTPS connection (1): libraries.minecraft.net:443
2025-07-15 01:54:10,923 | DEBUG | urllib3.connectionpool | https://libraries.minecraft.net:443 "GET /commons-io/commons-io/2.17.0/commons-io-2.17.0.jar HTTP/1.1" 200 515978
2025-07-15 01:54:11,121 | DEBUG | urllib3.connectionpool | Starting new HTTPS connection (1): libraries.minecraft.net:443
2025-07-15 01:54:11,435 | DEBUG | urllib3.connectionpool | https://libraries.minecraft.net:443 "GET /commons-logging/commons-logging/1.3.4/commons-logging-1.3.4.jar HTTP/1.1" 200 73721
2025-07-15 01:54:11,613 | DEBUG | urllib3.connectionpool | https://libraries.minecraft.net:443 "GET /io/netty/netty-buffer/4.1.118.Final/netty-buffer-4.1.118.Final.jar HTTP/1.1" 200 339045
2025-07-15 01:54:11,629 | DEBUG | urllib3.connectionpool | Starting new HTTPS connection (1): libraries.minecraft.net:443
2025-07-15 01:54:11,768 | DEBUG | urllib3.connectionpool | Starting new HTTPS connection (1): libraries.minecraft.net:443
2025-07-15 01:54:12,165 | DEBUG | urllib3.connectionpool | https://libraries.minecraft.net:443 "GET /io/netty/netty-codec/4.1.118.Final/netty-codec-4.1.118.Final.jar HTTP/1.1" 200 355199
2025-07-15 01:54:12,339 | DEBUG | urllib3.connectionpool | https://libraries.minecraft.net:443 "GET /io/netty/netty-common/4.1.118.Final/netty-common-4.1.118.Final.jar HTTP/1.1" 200 719225
2025-07-15 01:54:12,393 | DEBUG | urllib3.connectionpool | Starting new HTTPS connection (1): libraries.minecraft.net:443
2025-07-15 01:54:12,483 | DEBUG | urllib3.connectionpool | https://libraries.minecraft.net:443 "GET /io/netty/netty-handler/4.1.118.Final/netty-handler-4.1.118.Final.jar HTTP/1.1" 200 580162
2025-07-15 01:54:12,560 | DEBUG | urllib3.connectionpool | Starting new HTTPS connection (1): libraries.minecraft.net:443
2025-07-15 01:54:12,687 | DEBUG | urllib3.connectionpool | Starting new HTTPS connection (1): libraries.minecraft.net:443
2025-07-15 01:54:12,739 | DEBUG | urllib3.connectionpool | https://libraries.minecraft.net:443 "GET /io/netty/netty-resolver/4.1.118.Final/netty-resolver-4.1.118.Final.jar HTTP/1.1" 200 37842
2025-07-15 01:54:13,052 | DEBUG | urllib3.connectionpool | Starting new HTTPS connection (1): libraries.minecraft.net:443
2025-07-15 01:54:13,408 | DEBUG | urllib3.connectionpool | https://libraries.minecraft.net:443 "GET /io/netty/netty-transport-native-unix-common/4.1.118.Final/netty-transport-native-unix-common-4.1.118.Final.jar HTTP/1.1" 200 44157
2025-07-15 01:54:13,469 | DEBUG | urllib3.connectionpool | https://libraries.minecraft.net:443 "GET /io/netty/netty-transport-classes-epoll/4.1.118.Final/netty-transport-classes-epoll-4.1.118.Final.jar HTTP/1.1" 200 147621
2025-07-15 01:54:13,565 | DEBUG | urllib3.connectionpool | https://libraries.minecraft.net:443 "GET /io/netty/netty-transport/4.1.118.Final/netty-transport-4.1.118.Final.jar HTTP/1.1" 200 521428
2025-07-15 01:54:13,615 | DEBUG | urllib3.connectionpool | Starting new HTTPS connection (1): libraries.minecraft.net:443
2025-07-15 01:54:13,692 | DEBUG | urllib3.connectionpool | Starting new HTTPS connection (1): libraries.minecraft.net:443
2025-07-15 01:54:13,752 | DEBUG | urllib3.connectionpool | Starting new HTTPS connection (1): libraries.minecraft.net:443
2025-07-15 01:54:13,954 | DEBUG | urllib3.connectionpool | https://libraries.minecraft.net:443 "GET /it/unimi/dsi/fastutil/8.5.15/fastutil-8.5.15.jar HTTP/1.1" 200 23730770
2025-07-15 01:54:14,450 | DEBUG | urllib3.connectionpool | https://libraries.minecraft.net:443 "GET /net/java/dev/jna/jna-platform/5.15.0/jna-platform-5.15.0.jar HTTP/1.1" 200 1376668
2025-07-15 01:54:14,450 | DEBUG | urllib3.connectionpool | https://libraries.minecraft.net:443 "GET /net/java/dev/jna/jna/5.15.0/jna-5.15.0.jar HTTP/1.1" 200 2001532
2025-07-15 01:54:14,458 | DEBUG | urllib3.connectionpool | https://libraries.minecraft.net:443 "GET /net/minidev/accessors-smart/2.5.1/accessors-smart-2.5.1.jar HTTP/1.1" 200 30305
2025-07-15 01:54:14,487 | DEBUG | urllib3.connectionpool | Starting new HTTPS connection (1): libraries.minecraft.net:443
2025-07-15 01:54:14,645 | DEBUG | urllib3.connectionpool | Starting new HTTPS connection (1): libraries.minecraft.net:443
2025-07-15 01:54:14,666 | DEBUG | urllib3.connectionpool | Starting new HTTPS connection (1): libraries.minecraft.net:443
2025-07-15 01:54:14,892 | DEBUG | urllib3.connectionpool | Starting new HTTPS connection (1): libraries.minecraft.net:443
2025-07-15 01:54:14,921 | DEBUG | urllib3.connectionpool | https://libraries.minecraft.net:443 "GET /net/minidev/json-smart/2.5.1/json-smart-2.5.1.jar HTTP/1.1" 200 122291
2025-07-15 01:54:15,042 | DEBUG | urllib3.connectionpool | Starting new HTTPS connection (1): libraries.minecraft.net:443
2025-07-15 01:54:15,272 | DEBUG | urllib3.connectionpool | https://libraries.minecraft.net:443 "GET /net/sf/jopt-simple/jopt-simple/5.0.4/jopt-simple-5.0.4.jar HTTP/1.1" 200 78146
2025-07-15 01:54:15,371 | DEBUG | urllib3.connectionpool | Starting new HTTPS connection (1): libraries.minecraft.net:443
2025-07-15 01:54:15,586 | DEBUG | urllib3.connectionpool | https://libraries.minecraft.net:443 "GET /org/apache/commons/commons-compress/1.27.1/commons-compress-1.27.1.jar HTTP/1.1" 200 1087319
2025-07-15 01:54:15,668 | DEBUG | urllib3.connectionpool | https://libraries.minecraft.net:443 "GET /org/apache/commons/commons-lang3/3.17.0/commons-lang3-3.17.0.jar HTTP/1.1" 200 673587
2025-07-15 01:54:15,792 | DEBUG | urllib3.connectionpool | Starting new HTTPS connection (1): libraries.minecraft.net:443
2025-07-15 01:54:15,911 | DEBUG | urllib3.connectionpool | Starting new HTTPS connection (1): libraries.minecraft.net:443
2025-07-15 01:54:16,094 | DEBUG | urllib3.connectionpool | https://libraries.minecraft.net:443 "GET /org/apache/httpcomponents/httpcore/4.4.16/httpcore-4.4.16.jar HTTP/1.1" 200 327891
2025-07-15 01:54:16,259 | DEBUG | urllib3.connectionpool | Starting new HTTPS connection (1): libraries.minecraft.net:443
2025-07-15 01:54:16,418 | DEBUG | urllib3.connectionpool | https://libraries.minecraft.net:443 "GET /org/apache/logging/log4j/log4j-api/2.24.1/log4j-api-2.24.1.jar HTTP/1.1" 200 348428
2025-07-15 01:54:16,494 | DEBUG | urllib3.connectionpool | https://libraries.minecraft.net:443 "GET /org/apache/logging/log4j/log4j-core/2.24.1/log4j-core-2.24.1.jar HTTP/1.1" 200 1910958
2025-07-15 01:54:16,631 | DEBUG | urllib3.connectionpool | Starting new HTTPS connection (1): libraries.minecraft.net:443
2025-07-15 01:54:16,764 | DEBUG | urllib3.connectionpool | Starting new HTTPS connection (1): libraries.minecraft.net:443
2025-07-15 01:54:16,870 | DEBUG | urllib3.connectionpool | https://libraries.minecraft.net:443 "GET /org/apache/logging/log4j/log4j-slf4j2-impl/2.24.1/log4j-slf4j2-impl-2.24.1.jar HTTP/1.1" 200 30133
2025-07-15 01:54:17,038 | DEBUG | urllib3.connectionpool | Starting new HTTPS connection (1): libraries.minecraft.net:443
2025-07-15 01:54:17,136 | DEBUG | urllib3.connectionpool | https://libraries.minecraft.net:443 "GET /org/jcraft/jorbis/0.0.17/jorbis-0.0.17.jar HTTP/1.1" 200 99701
2025-07-15 01:54:17,269 | DEBUG | urllib3.connectionpool | Starting new HTTPS connection (1): libraries.minecraft.net:443
2025-07-15 01:54:17,305 | DEBUG | urllib3.connectionpool | https://libraries.minecraft.net:443 "GET /org/apache/httpcomponents/httpclient/4.5.14/httpclient-4.5.14.jar HTTP/1.1" 200 785639
2025-07-15 01:54:17,335 | DEBUG | urllib3.connectionpool | https://libraries.minecraft.net:443 "GET /org/joml/joml/1.10.8/joml-1.10.8.jar HTTP/1.1" 200 778846
2025-07-15 01:54:17,574 | DEBUG | urllib3.connectionpool | Starting new HTTPS connection (1): libraries.minecraft.net:443
2025-07-15 01:54:17,606 | DEBUG | urllib3.connectionpool | https://libraries.minecraft.net:443 "GET /org/lwjgl/lwjgl-freetype/3.3.3/lwjgl-freetype-3.3.3.jar HTTP/1.1" 200 450896
2025-07-15 01:54:17,784 | DEBUG | urllib3.connectionpool | Starting new HTTPS connection (1): libraries.minecraft.net:443
2025-07-15 01:54:17,791 | DEBUG | urllib3.connectionpool | https://libraries.minecraft.net:443 "GET /org/lwjgl/lwjgl-freetype/3.3.3/lwjgl-freetype-3.3.3-natives-windows.jar HTTP/1.1" 200 1035586
2025-07-15 01:54:17,966 | DEBUG | urllib3.connectionpool | Starting new HTTPS connection (1): libraries.minecraft.net:443
2025-07-15 01:54:18,129 | DEBUG | urllib3.connectionpool | https://libraries.minecraft.net:443 "GET /org/lwjgl/lwjgl-freetype/3.3.3/lwjgl-freetype-3.3.3-natives-windows-arm64.jar HTTP/1.1" 200 886068
2025-07-15 01:54:18,360 | DEBUG | urllib3.connectionpool | https://libraries.minecraft.net:443 "GET /org/lwjgl/lwjgl-freetype/3.3.3/lwjgl-freetype-3.3.3-natives-windows-x86.jar HTTP/1.1" 200 877480
2025-07-15 01:54:18,405 | DEBUG | urllib3.connectionpool | Starting new HTTPS connection (1): libraries.minecraft.net:443
2025-07-15 01:54:18,531 | DEBUG | urllib3.connectionpool | Starting new HTTPS connection (1): libraries.minecraft.net:443
2025-07-15 01:54:18,870 | DEBUG | urllib3.connectionpool | https://libraries.minecraft.net:443 "GET /org/lwjgl/lwjgl-glfw/3.3.3/lwjgl-glfw-3.3.3-natives-windows.jar HTTP/1.1" 200 166368
2025-07-15 01:54:18,987 | DEBUG | urllib3.connectionpool | Starting new HTTPS connection (1): libraries.minecraft.net:443
2025-07-15 01:54:19,058 | DEBUG | urllib3.connectionpool | https://libraries.minecraft.net:443 "GET /org/lwjgl/lwjgl-glfw/3.3.3/lwjgl-glfw-3.3.3-natives-windows-arm64.jar HTTP/1.1" 200 141970
2025-07-15 01:54:19,185 | DEBUG | urllib3.connectionpool | Starting new HTTPS connection (1): libraries.minecraft.net:443
2025-07-15 01:54:19,257 | DEBUG | urllib3.connectionpool | https://libraries.minecraft.net:443 "GET /org/lwjgl/lwjgl-glfw/3.3.3/lwjgl-glfw-3.3.3.jar HTTP/1.1" 200 135546
2025-07-15 01:54:19,427 | DEBUG | urllib3.connectionpool | https://libraries.minecraft.net:443 "GET /org/lwjgl/lwjgl-glfw/3.3.3/lwjgl-glfw-3.3.3-natives-windows-x86.jar HTTP/1.1" 200 157123
2025-07-15 01:54:19,536 | DEBUG | urllib3.connectionpool | Starting new HTTPS connection (1): libraries.minecraft.net:443
2025-07-15 01:54:19,636 | DEBUG | urllib3.connectionpool | https://libraries.minecraft.net:443 "GET /org/lwjgl/lwjgl-jemalloc/3.3.3/lwjgl-jemalloc-3.3.3.jar HTTP/1.1" 200 43896
2025-07-15 01:54:19,890 | DEBUG | urllib3.connectionpool | https://libraries.minecraft.net:443 "GET /org/lwjgl/lwjgl-jemalloc/3.3.3/lwjgl-jemalloc-3.3.3-natives-windows.jar HTTP/1.1" 200 180344
2025-07-15 01:54:19,960 | DEBUG | urllib3.connectionpool | Starting new HTTPS connection (1): libraries.minecraft.net:443
2025-07-15 01:54:20,033 | DEBUG | urllib3.connectionpool | Starting new HTTPS connection (1): libraries.minecraft.net:443
2025-07-15 01:54:20,498 | DEBUG | urllib3.connectionpool | https://libraries.minecraft.net:443 "GET /org/lwjgl/lwjgl-jemalloc/3.3.3/lwjgl-jemalloc-3.3.3-natives-windows-arm64.jar HTTP/1.1" 200 154415
2025-07-15 01:54:20,509 | DEBUG | urllib3.connectionpool | https://libraries.minecraft.net:443 "GET /org/lwjgl/lwjgl-jemalloc/3.3.3/lwjgl-jemalloc-3.3.3-natives-windows-x86.jar HTTP/1.1" 200 148612
2025-07-15 01:54:20,591 | DEBUG | urllib3.connectionpool | Starting new HTTPS connection (1): libraries.minecraft.net:443
2025-07-15 01:54:20,628 | DEBUG | urllib3.connectionpool | Starting new HTTPS connection (1): libraries.minecraft.net:443
2025-07-15 01:54:21,057 | DEBUG | urllib3.connectionpool | https://libraries.minecraft.net:443 "GET /org/lwjgl/lwjgl-openal/3.3.3/lwjgl-openal-3.3.3.jar HTTP/1.1" 200 110586
2025-07-15 01:54:21,121 | DEBUG | urllib3.connectionpool | https://libraries.minecraft.net:443 "GET /org/lwjgl/lwjgl-openal/3.3.3/lwjgl-openal-3.3.3-natives-windows.jar HTTP/1.1" 200 698720
2025-07-15 01:54:21,170 | DEBUG | urllib3.connectionpool | Starting new HTTPS connection (1): libraries.minecraft.net:443
2025-07-15 01:54:21,302 | DEBUG | urllib3.connectionpool | Starting new HTTPS connection (1): libraries.minecraft.net:443
2025-07-15 01:54:21,576 | DEBUG | urllib3.connectionpool | https://libraries.minecraft.net:443 "GET /org/lwjgl/lwjgl-openal/3.3.3/lwjgl-openal-3.3.3-natives-windows-arm64.jar HTTP/1.1" 200 630410
2025-07-15 01:54:21,745 | DEBUG | urllib3.connectionpool | Starting new HTTPS connection (1): libraries.minecraft.net:443
2025-07-15 01:54:21,766 | DEBUG | urllib3.connectionpool | https://libraries.minecraft.net:443 "GET /org/lwjgl/lwjgl-openal/3.3.3/lwjgl-openal-3.3.3-natives-windows-x86.jar HTTP/1.1" 200 638424
2025-07-15 01:54:21,990 | DEBUG | urllib3.connectionpool | Starting new HTTPS connection (1): libraries.minecraft.net:443
2025-07-15 01:54:22,211 | DEBUG | urllib3.connectionpool | https://libraries.minecraft.net:443 "GET /org/lwjgl/lwjgl-opengl/3.3.3/lwjgl-opengl-3.3.3.jar HTTP/1.1" 200 929192
2025-07-15 01:54:22,385 | DEBUG | urllib3.connectionpool | Starting new HTTPS connection (1): libraries.minecraft.net:443
2025-07-15 01:54:22,390 | DEBUG | urllib3.connectionpool | https://libraries.minecraft.net:443 "GET /org/lwjgl/lwjgl-opengl/3.3.3/lwjgl-opengl-3.3.3-natives-windows.jar HTTP/1.1" 200 101535
2025-07-15 01:54:22,541 | DEBUG | urllib3.connectionpool | Starting new HTTPS connection (1): libraries.minecraft.net:443
2025-07-15 01:54:22,760 | DEBUG | urllib3.connectionpool | https://libraries.minecraft.net:443 "GET /org/lwjgl/lwjgl-opengl/3.3.3/lwjgl-opengl-3.3.3-natives-windows-arm64.jar HTTP/1.1" 200 83095
2025-07-15 01:54:22,862 | DEBUG | urllib3.connectionpool | Starting new HTTPS connection (1): libraries.minecraft.net:443
2025-07-15 01:54:22,946 | DEBUG | urllib3.connectionpool | https://libraries.minecraft.net:443 "GET /org/lwjgl/lwjgl-opengl/3.3.3/lwjgl-opengl-3.3.3-natives-windows-x86.jar HTTP/1.1" 200 88612
2025-07-15 01:54:23,073 | DEBUG | urllib3.connectionpool | Starting new HTTPS connection (1): libraries.minecraft.net:443
2025-07-15 01:54:23,252 | DEBUG | urllib3.connectionpool | https://libraries.minecraft.net:443 "GET /org/lwjgl/lwjgl-stb/3.3.3/lwjgl-stb-3.3.3.jar HTTP/1.1" 200 120283
2025-07-15 01:54:23,406 | DEBUG | urllib3.connectionpool | Starting new HTTPS connection (1): libraries.minecraft.net:443
2025-07-15 01:54:23,483 | DEBUG | urllib3.connectionpool | https://libraries.minecraft.net:443 "GET /org/lwjgl/lwjgl-stb/3.3.3/lwjgl-stb-3.3.3-natives-windows.jar HTTP/1.1" 200 261297
2025-07-15 01:54:23,619 | DEBUG | urllib3.connectionpool | Starting new HTTPS connection (1): libraries.minecraft.net:443
2025-07-15 01:54:23,800 | DEBUG | urllib3.connectionpool | https://libraries.minecraft.net:443 "GET /org/lwjgl/lwjgl-stb/3.3.3/lwjgl-stb-3.3.3-natives-windows-arm64.jar HTTP/1.1" 200 219511
2025-07-15 01:54:23,948 | DEBUG | urllib3.connectionpool | Starting new HTTPS connection (1): libraries.minecraft.net:443
2025-07-15 01:54:24,229 | DEBUG | urllib3.connectionpool | https://libraries.minecraft.net:443 "GET /org/lwjgl/lwjgl-stb/3.3.3/lwjgl-stb-3.3.3-natives-windows-x86.jar HTTP/1.1" 200 227800
2025-07-15 01:54:24,378 | DEBUG | urllib3.connectionpool | Starting new HTTPS connection (1): libraries.minecraft.net:443
2025-07-15 01:54:24,659 | DEBUG | urllib3.connectionpool | https://libraries.minecraft.net:443 "GET /org/lwjgl/lwjgl-tinyfd/3.3.3/lwjgl-tinyfd-3.3.3.jar HTTP/1.1" 200 13400
2025-07-15 01:54:24,755 | DEBUG | urllib3.connectionpool | Starting new HTTPS connection (1): libraries.minecraft.net:443
2025-07-15 01:54:24,969 | DEBUG | urllib3.connectionpool | https://libraries.minecraft.net:443 "GET /org/lwjgl/lwjgl-tinyfd/3.3.3/lwjgl-tinyfd-3.3.3-natives-windows.jar HTTP/1.1" 200 130253
2025-07-15 01:54:25,138 | DEBUG | urllib3.connectionpool | Starting new HTTPS connection (1): libraries.minecraft.net:443
2025-07-15 01:54:25,515 | DEBUG | urllib3.connectionpool | https://libraries.minecraft.net:443 "GET /org/lwjgl/lwjgl-tinyfd/3.3.3/lwjgl-tinyfd-3.3.3-natives-windows-arm64.jar HTTP/1.1" 200 110867
2025-07-15 01:54:25,634 | DEBUG | urllib3.connectionpool | Starting new HTTPS connection (1): libraries.minecraft.net:443
2025-07-15 01:54:26,191 | DEBUG | urllib3.connectionpool | https://libraries.minecraft.net:443 "GET /org/lwjgl/lwjgl-tinyfd/3.3.3/lwjgl-tinyfd-3.3.3-natives-windows-x86.jar HTTP/1.1" 200 111797
2025-07-15 01:54:26,253 | DEBUG | urllib3.connectionpool | https://libraries.minecraft.net:443 "GET /org/lwjgl/lwjgl/3.3.3/lwjgl-3.3.3.jar HTTP/1.1" 200 785029
2025-07-15 01:54:26,303 | DEBUG | urllib3.connectionpool | Starting new HTTPS connection (1): libraries.minecraft.net:443
2025-07-15 01:54:26,468 | DEBUG | urllib3.connectionpool | Starting new HTTPS connection (1): libraries.minecraft.net:443
2025-07-15 01:54:26,771 | DEBUG | urllib3.connectionpool | https://libraries.minecraft.net:443 "GET /org/lwjgl/lwjgl/3.3.3/lwjgl-3.3.3-natives-windows.jar HTTP/1.1" 200 165442
2025-07-15 01:54:26,906 | DEBUG | urllib3.connectionpool | Starting new HTTPS connection (1): libraries.minecraft.net:443
2025-07-15 01:54:27,228 | DEBUG | urllib3.connectionpool | https://libraries.minecraft.net:443 "GET /org/lwjgl/lwjgl/3.3.3/lwjgl-3.3.3-natives-windows-x86.jar HTTP/1.1" 200 139653
2025-07-15 01:54:27,361 | DEBUG | urllib3.connectionpool | Starting new HTTPS connection (1): libraries.minecraft.net:443
2025-07-15 01:54:27,592 | DEBUG | urllib3.connectionpool | https://libraries.minecraft.net:443 "GET /org/lwjgl/lwjgl/3.3.3/lwjgl-3.3.3-natives-windows-arm64.jar HTTP/1.1" 200 133378
2025-07-15 01:54:27,728 | DEBUG | urllib3.connectionpool | https://libraries.minecraft.net:443 "GET /org/lz4/lz4-java/1.8.0/lz4-java-1.8.0.jar HTTP/1.1" 200 682804
2025-07-15 01:54:27,885 | DEBUG | urllib3.connectionpool | Starting new HTTPS connection (1): libraries.minecraft.net:443
2025-07-15 01:54:28,210 | DEBUG | urllib3.connectionpool | https://libraries.minecraft.net:443 "GET /org/ow2/asm/asm/9.6/asm-9.6.jar HTTP/1.1" 200 123598
2025-07-15 01:54:28,335 | DEBUG | urllib3.connectionpool | Starting new HTTPS connection (1): libraries.minecraft.net:443
2025-07-15 01:54:28,665 | DEBUG | urllib3.connectionpool | https://libraries.minecraft.net:443 "GET /org/slf4j/slf4j-api/2.0.16/slf4j-api-2.0.16.jar HTTP/1.1" 200 69435
2025-07-15 01:55:04,181 | DEBUG | urllib3.connectionpool | Starting new HTTPS connection (1): libraries.minecraft.net:443
2025-07-15 01:55:04,520 | DEBUG | urllib3.connectionpool | https://libraries.minecraft.net:443 "GET /org/apache/httpcomponents/httpclient/4.5.14/httpclient-4.5.14.jar HTTP/1.1" 200 785639
2025-07-15 01:55:04,749 | DEBUG | urllib3.connectionpool | Starting new HTTPS connection (1): piston-data.mojang.com:443
2025-07-15 01:55:05,101 | DEBUG | urllib3.connectionpool | https://piston-data.mojang.com:443 "GET /v1/objects/a2db1ea98c37b2d00c83f6867fb8bb581a593e07/client.jar HTTP/1.1" 200 29522178
2025-07-15 02:05:31,617 | DEBUG | urllib3.connectionpool | Starting new HTTPS connection (1): minotar.net:443
2025-07-15 02:05:31,979 | DEBUG | urllib3.connectionpool | https://minotar.net:443 "GET /avatar/None/40 HTTP/1.1" 200 345
2025-07-15 02:05:32,105 | DEBUG | charset_normalizer | Encoding detection: Unable to determine any suitable charset.
2025-07-15 02:05:32,176 | DEBUG | urllib3.connectionpool | Starting new HTTPS connection (1): launchermeta.mojang.com:443
2025-07-15 02:05:32,514 | DEBUG | urllib3.connectionpool | https://launchermeta.mojang.com:443 "GET /mc/game/version_manifest.json HTTP/1.1" 200 None
2025-07-15 02:05:43,631 | DEBUG | urllib3.connectionpool | Starting new HTTPS connection (1): minotar.net:443
2025-07-15 02:05:43,814 | DEBUG | urllib3.connectionpool | https://minotar.net:443 "GET /avatar/None/40 HTTP/1.1" 200 345
2025-07-15 02:05:43,942 | DEBUG | charset_normalizer | Encoding detection: Unable to determine any suitable charset.
2025-07-15 02:05:44,007 | DEBUG | urllib3.connectionpool | Starting new HTTPS connection (1): launchermeta.mojang.com:443
2025-07-15 02:05:44,336 | DEBUG | urllib3.connectionpool | https://launchermeta.mojang.com:443 "GET /mc/game/version_manifest.json HTTP/1.1" 200 None
2025-07-15 02:06:04,321 | DEBUG | urllib3.connectionpool | Starting new HTTPS connection (1): minotar.net:443
2025-07-15 02:06:04,528 | DEBUG | urllib3.connectionpool | https://minotar.net:443 "GET /avatar/None/40 HTTP/1.1" 200 345
2025-07-15 02:06:04,652 | DEBUG | charset_normalizer | Encoding detection: Unable to determine any suitable charset.
2025-07-15 02:06:04,716 | DEBUG | urllib3.connectionpool | Starting new HTTPS connection (1): launchermeta.mojang.com:443
2025-07-15 02:06:05,053 | DEBUG | urllib3.connectionpool | https://launchermeta.mojang.com:443 "GET /mc/game/version_manifest.json HTTP/1.1" 200 None
2025-07-15 02:10:20,048 | DEBUG | urllib3.connectionpool | Starting new HTTPS connection (1): minotar.net:443
2025-07-15 02:10:20,271 | DEBUG | urllib3.connectionpool | https://minotar.net:443 "GET /avatar/None/40 HTTP/1.1" 200 345
2025-07-15 02:10:20,526 | DEBUG | charset_normalizer | Encoding detection: Unable to determine any suitable charset.
2025-07-15 02:10:20,689 | DEBUG | urllib3.connectionpool | Starting new HTTPS connection (1): launchermeta.mojang.com:443
2025-07-15 02:10:21,035 | DEBUG | urllib3.connectionpool | https://launchermeta.mojang.com:443 "GET /mc/game/version_manifest.json HTTP/1.1" 200 None
2025-07-15 02:37:37,306 | DEBUG | urllib3.connectionpool | Starting new HTTPS connection (1): minotar.net:443
2025-07-15 02:37:37,581 | DEBUG | urllib3.connectionpool | https://minotar.net:443 "GET /avatar/None/40 HTTP/1.1" 200 345
2025-07-15 02:37:37,721 | DEBUG | charset_normalizer | Encoding detection: Unable to determine any suitable charset.
2025-07-15 02:37:38,957 | DEBUG | urllib3.connectionpool | Starting new HTTPS connection (1): launchermeta.mojang.com:443
2025-07-15 02:37:39,273 | DEBUG | urllib3.connectionpool | https://launchermeta.mojang.com:443 "GET /mc/game/version_manifest.json HTTP/1.1" 200 None
2025-07-15 02:39:39,606 | DEBUG | urllib3.connectionpool | Starting new HTTPS connection (1): minotar.net:443
2025-07-15 02:39:39,818 | DEBUG | urllib3.connectionpool | https://minotar.net:443 "GET /avatar/None/40 HTTP/1.1" 200 345
2025-07-15 02:39:39,950 | DEBUG | charset_normalizer | Encoding detection: Unable to determine any suitable charset.
2025-07-15 02:39:40,230 | DEBUG | urllib3.connectionpool | Starting new HTTPS connection (1): launchermeta.mojang.com:443
2025-07-15 02:39:40,564 | DEBUG | urllib3.connectionpool | https://launchermeta.mojang.com:443 "GET /mc/game/version_manifest.json HTTP/1.1" 200 None
2025-07-15 02:40:30,641 | DEBUG | urllib3.connectionpool | Starting new HTTPS connection (1): minotar.net:443
2025-07-15 02:40:30,834 | DEBUG | urllib3.connectionpool | https://minotar.net:443 "GET /avatar/None/40 HTTP/1.1" 200 345
2025-07-15 02:40:30,956 | DEBUG | charset_normalizer | Encoding detection: Unable to determine any suitable charset.
2025-07-15 02:40:31,022 | DEBUG | urllib3.connectionpool | Starting new HTTPS connection (1): launchermeta.mojang.com:443
2025-07-15 02:40:31,361 | DEBUG | urllib3.connectionpool | https://launchermeta.mojang.com:443 "GET /mc/game/version_manifest.json HTTP/1.1" 200 None
